0 info it worked if it ends with ok
1 verbose cli [ '/usr/local/bin/node', '/usr/local/bin/npm', 'publish' ]
2 info using npm@3.10.3
3 info using node@v6.4.0
4 verbose publish [ '.' ]
5 silly cache add args [ '.', null ]
6 verbose cache add spec .
7 silly cache add parsed spec Result {
7 silly cache add   raw: '.',
7 silly cache add   scope: null,
7 silly cache add   escapedName: null,
7 silly cache add   name: null,
7 silly cache add   rawSpec: '.',
7 silly cache add   spec: '/Users/mattdelliott/Development/FullContact/contacts-generator',
7 silly cache add   type: 'directory' }
8 verbose addLocalDirectory /Users/mattdelliott/.npm/contacts-generator/1.0.2/package.tgz not in flight; packing
9 verbose correctMkdir /Users/mattdelliott/.npm correctMkdir not in flight; initializing
10 info lifecycle contacts-generator@1.0.2~prepublish: contacts-generator@1.0.2
11 silly lifecycle contacts-generator@1.0.2~prepublish: no script for prepublish, continuing
12 verbose tar pack [ '/Users/mattdelliott/.npm/contacts-generator/1.0.2/package.tgz',
12 verbose tar pack   '/Users/mattdelliott/Development/FullContact/contacts-generator' ]
13 verbose tarball /Users/mattdelliott/.npm/contacts-generator/1.0.2/package.tgz
14 verbose folder /Users/mattdelliott/Development/FullContact/contacts-generator
15 verbose addLocalTarball adding from inside cache /Users/mattdelliott/.npm/contacts-generator/1.0.2/package.tgz
16 verbose correctMkdir /Users/mattdelliott/.npm correctMkdir not in flight; initializing
17 silly cache afterAdd contacts-generator@1.0.2
18 verbose afterAdd /Users/mattdelliott/.npm/contacts-generator/1.0.2/package/package.json not in flight; writing
19 verbose correctMkdir /Users/mattdelliott/.npm correctMkdir not in flight; initializing
20 verbose afterAdd /Users/mattdelliott/.npm/contacts-generator/1.0.2/package/package.json written
21 silly publish { name: 'contacts-generator',
21 silly publish   version: '1.0.2',
21 silly publish   description: 'Generates fake VCF or CSV contacts for testing purposes. ',
21 silly publish   main: 'index.js',
21 silly publish   preferGlobal: true,
21 silly publish   scripts: { start: 'node index.js' },
21 silly publish   bin: { 'contacts-generator': './bin.js' },
21 silly publish   author: { name: 'Matt Elliott' },
21 silly publish   license: 'MIT',
21 silly publish   dependencies:
21 silly publish    { chance: '^1.0.4',
21 silly publish      json2csv: '^3.7.3',
21 silly publish      lodash: '^4.17.4',
21 silly publish      minimist: '^1.2.0',
21 silly publish      'vcards-js': '^2.4.1' },
21 silly publish   readme: '#contacts-generator\n---\nUtility to generate fake contacts for testing purposes.\n\n`npm -g contacts-generator`\n\nUsage:\n\n- `contacts-generator -f _vcf|csv_ -n _count_`\n\nTo run locally:\n\n- `npm install`\n- `npm start -- -f vcf|csv -n 10`\n\n*Default* format is `CSV` and count is `100`.\n',
21 silly publish   readmeFilename: 'README.md',
21 silly publish   gitHead: '9b7b9cfc4ee8fabe14de74c30d46d2f0f7caf114',
21 silly publish   _id: 'contacts-generator@1.0.2',
21 silly publish   _shasum: '7c30b9f351a773dd91dc8cb55b6ee7664678d88a',
21 silly publish   _from: '.' }
22 verbose getPublishConfig undefined
23 silly mapToRegistry name contacts-generator
24 silly mapToRegistry using default registry
25 silly mapToRegistry registry https://registry.npmjs.org/
26 silly mapToRegistry data Result {
26 silly mapToRegistry   raw: 'contacts-generator',
26 silly mapToRegistry   scope: null,
26 silly mapToRegistry   escapedName: 'contacts-generator',
26 silly mapToRegistry   name: 'contacts-generator',
26 silly mapToRegistry   rawSpec: '',
26 silly mapToRegistry   spec: 'latest',
26 silly mapToRegistry   type: 'tag' }
27 silly mapToRegistry uri https://registry.npmjs.org/contacts-generator
28 verbose publish registryBase https://registry.npmjs.org/
29 silly publish uploading /Users/mattdelliott/.npm/contacts-generator/1.0.2/package.tgz
30 verbose request uri https://registry.npmjs.org/contacts-generator
31 verbose request sending authorization for write operation
32 info attempt registry request try #1 at 10:38:29 AM
33 verbose request using bearer token for auth
34 verbose request id 054062a8e119873f
35 http request PUT https://registry.npmjs.org/contacts-generator
36 http 403 https://registry.npmjs.org/contacts-generator
37 verbose headers { 'content-type': 'application/json',
37 verbose headers   'cache-control': 'max-age=300',
37 verbose headers   'content-length': '95',
37 verbose headers   'accept-ranges': 'bytes',
37 verbose headers   date: 'Mon, 09 Jan 2017 17:38:30 GMT',
37 verbose headers   via: '1.1 varnish',
37 verbose headers   connection: 'keep-alive',
37 verbose headers   'x-served-by': 'cache-den6025-DEN',
37 verbose headers   'x-cache': 'MISS',
37 verbose headers   'x-cache-hits': '0',
37 verbose headers   'x-timer': 'S1483983509.746903,VS0,VE767',
37 verbose headers   vary: 'Accept-Encoding' }
38 verbose request invalidating /Users/mattdelliott/.npm/registry.npmjs.org/contacts-generator on PUT
39 error publish Failed PUT 403
40 verbose stack Error: "You cannot publish over the previously published version 1.0.2." : contacts-generator
40 verbose stack     at makeError (/usr/local/lib/node_modules/npm/node_modules/npm-registry-client/lib/request.js:264:12)
40 verbose stack     at CachingRegistryClient.<anonymous> (/usr/local/lib/node_modules/npm/node_modules/npm-registry-client/lib/request.js:252:14)
40 verbose stack     at Request._callback (/usr/local/lib/node_modules/npm/node_modules/npm-registry-client/lib/request.js:172:14)
40 verbose stack     at Request.self.callback (/usr/local/lib/node_modules/npm/node_modules/request/request.js:200:22)
40 verbose stack     at emitTwo (events.js:106:13)
40 verbose stack     at Request.emit (events.js:191:7)
40 verbose stack     at Request.<anonymous> (/usr/local/lib/node_modules/npm/node_modules/request/request.js:1067:10)
40 verbose stack     at emitOne (events.js:101:20)
40 verbose stack     at Request.emit (events.js:188:7)
40 verbose stack     at IncomingMessage.<anonymous> (/usr/local/lib/node_modules/npm/node_modules/request/request.js:988:12)
41 verbose statusCode 403
42 verbose pkgid contacts-generator
43 verbose cwd /Users/mattdelliott/Development/FullContact/contacts-generator
44 error Darwin 16.3.0
45 error argv "/usr/local/bin/node" "/usr/local/bin/npm" "publish"
46 error node v6.4.0
47 error npm  v3.10.3
48 error code E403
49 error "You cannot publish over the previously published version 1.0.2." : contacts-generator
50 error If you need help, you may report this error at:
50 error     <https://github.com/npm/npm/issues>
51 verbose exit [ 1, true ]
